2018-11-30 19:30:51: server started on port: 3000
2018-11-30 20:05:47: server started on port: 3000
2018-11-30 20:40:52: server started on port: 3000
2018-11-30 20:42:09: { summaryList: [] }
2018-11-30 20:42:09: []
2018-11-30 20:43:30: server started on port: 3001
2018-11-30 20:45:01: { summaryList: [] }
2018-11-30 20:45:01: []
2018-11-30 20:48:37: { summaryList: 
2018-11-30 20:48:37:    [ Result {
2018-11-30 20:48:37:        '0': 'Ethereum DApp ICO',
2018-11-30 20:48:37:        '1': '1000000000000000000',
2018-11-30 20:48:37:        '2': '5000000000000000000',
2018-11-30 20:48:37:        '3': '30000000000000000000',
2018-11-30 20:48:37:        '4': '0',
2018-11-30 20:48:37:        '5': '0',
2018-11-30 20:48:37:        '6': '0',
2018-11-30 20:48:37:        '7': '0x67c14B7fbB392F4879a8DdfB0b26FBF9da709b85' } ] }
2018-11-30 20:48:37: [ { address: '0x30D0F0568Cc04bab416b47bfEA0d59063e6ae199',
2018-11-30 20:48:37:     description: 'Ethereum DApp ICO',
2018-11-30 20:48:37:     minInvest: '1000000000000000000',
2018-11-30 20:48:37:     maxInvest: '5000000000000000000',
2018-11-30 20:48:37:     goal: '30000000000000000000',
2018-11-30 20:48:37:     balance: '0',
2018-11-30 20:48:37:     investorCount: '0',
2018-11-30 20:48:37:     paymentCount: '0',
2018-11-30 20:48:37:     owner: '0x67c14B7fbB392F4879a8DdfB0b26FBF9da709b85' } ]
